TN:
SF:src\App.tsx
FN:1,(anonymous_0)
FN:8,App
FNF:2
FNH:2
FNDA:242,(anonymous_0)
FNDA:242,App
DA:1,1694
DA:9,242
DA:19,242
DA:21,242
LF:4
LH:4
BRDA:1,0,0,242
BRF:1
BRH:1
end_of_record
TN:
SF:src\components\AddCardForm\AddCardForm.tsx
FN:16,(anonymous_1)
FN:31,(anonymous_2)
FN:44,(anonymous_3)
FN:138,(anonymous_4)
FN:168,(anonymous_5)
FN:16,(anonymous_6)
FNF:6
FNH:6
FNDA:112,(anonymous_1)
FNDA:9,(anonymous_2)
FNDA:4,(anonymous_3)
FNDA:560,(anonymous_4)
FNDA:336,(anonymous_5)
FNDA:81,(anonymous_6)
DA:16,242
DA:22,112
DA:24,112
DA:26,112
DA:27,112
DA:28,112
DA:29,242
DA:31,112
DA:32,9
DA:41,9
DA:43,9
DA:44,9
DA:45,4
DA:47,9
DA:50,112
DA:139,560
DA:169,336
DA:220,242
LF:18
LH:18
BRDA:76,0,0,112
BRDA:76,0,1,18
BRDA:94,1,0,112
BRDA:94,1,1,18
BRDA:128,2,0,112
BRDA:128,2,1,18
BRDA:157,3,0,112
BRDA:157,3,1,18
BRDA:184,4,0,336
BRDA:184,4,1,54
BRDA:205,5,0,112
BRDA:205,5,1,18
BRF:12
BRH:12
end_of_record
TN:
SF:src\components\Button\Button.tsx
FN:1,(anonymous_0)
FN:6,(anonymous_1)
FNF:2
FNH:2
FNDA:242,(anonymous_0)
FNDA:598,(anonymous_1)
DA:1,1694
DA:6,242
DA:13,598
DA:34,242
LF:4
LH:4
BRDA:1,0,0,242
BRDA:8,1,0,598
BRDA:23,2,0,598
BRDA:23,2,1,0
BRF:4
BRH:3
end_of_record
TN:
SF:src\components\Card\Card.tsx
FN:10,(anonymous_1)
FN:16,(anonymous_2)
FN:19,(anonymous_3)
FN:22,(anonymous_4)
FN:25,(anonymous_5)
FNF:5
FNH:5
FNDA:72,(anonymous_1)
FNDA:36,(anonymous_2)
FNDA:36,(anonymous_3)
FNDA:36,(anonymous_4)
FNDA:36,(anonymous_5)
DA:10,242
DA:11,72
DA:13,72
DA:14,72
DA:16,72
DA:17,36
DA:20,36
DA:22,36
DA:25,72
DA:26,36
DA:77,72
DA:78,72
DA:79,72
DA:81,72
DA:87,242
LF:15
LH:15
BRDA:57,0,0,0
BRDA:57,0,1,36
BRDA:77,1,0,72
BRDA:77,1,1,36
BRDA:78,2,0,36
BRDA:78,2,1,36
BRDA:79,3,0,36
BRDA:79,3,1,36
BRF:8
BRH:7
end_of_record
TN:
SF:src\components\Cards\Cards.tsx
FN:11,(anonymous_1)
FN:12,(anonymous_2)
FN:13,(anonymous_3)
FN:14,(anonymous_4)
FN:21,(anonymous_5)
FN:25,(anonymous_6)
FN:27,(anonymous_7)
FN:33,(anonymous_8)
FN:55,(anonymous_9)
FN:11,(anonymous_10)
FNF:10
FNH:10
FNDA:387,(anonymous_1)
FNDA:594,(anonymous_2)
FNDA:594,(anonymous_3)
FNDA:594,(anonymous_4)
FNDA:162,(anonymous_5)
FNDA:243,(anonymous_6)
FNDA:1944,(anonymous_7)
FNDA:36,(anonymous_8)
FNDA:18,(anonymous_9)
FNDA:126,(anonymous_10)
DA:11,387
DA:12,594
DA:13,594
DA:14,594
DA:16,387
DA:17,387
DA:19,387
DA:21,387
DA:22,162
DA:25,387
DA:26,243
DA:27,243
DA:28,1944
DA:34,36
DA:35,36
DA:48,243
DA:55,387
DA:56,18
DA:63,387
DA:64,387
DA:65,387
DA:67,387
DA:76,242
LF:23
LH:23
BRDA:39,0,0,1944
BRDA:39,0,1,350
BRDA:63,1,0,144
BRDA:63,1,1,243
BRDA:64,2,0,162
BRDA:64,2,1,225
BRDA:65,3,0,225
BRDA:65,3,1,162
BRF:8
BRH:8
end_of_record
TN:
SF:src\components\Cards\cardsSlice.tsx
FN:10,(anonymous_0)
FN:24,(anonymous_1)
FN:26,(anonymous_2)
FN:29,(anonymous_3)
FN:33,(anonymous_4)
FNF:5
FNH:5
FNDA:162,(anonymous_0)
FNDA:242,(anonymous_1)
FNDA:162,(anonymous_2)
FNDA:140,(anonymous_3)
FNDA:771,(anonymous_4)
DA:5,242
DA:10,242
DA:11,162
DA:13,162
DA:14,126
DA:16,36
DA:20,242
DA:25,242
DA:27,162
DA:30,140
DA:31,140
LF:11
LH:11
BRDA:13,0,0,126
BRDA:13,0,1,36
BRF:2
BRH:2
end_of_record
TN:
SF:src\components\CardsEspeciallyForForm\CardsForm.tsx
FN:7,(anonymous_1)
FN:8,(anonymous_2)
FN:10,(anonymous_3)
FN:11,(anonymous_4)
FN:47,(anonymous_5)
FN:7,(anonymous_6)
FNF:6
FNH:6
FNDA:90,(anonymous_1)
FNDA:99,(anonymous_2)
FNDA:90,(anonymous_3)
FNDA:9,(anonymous_4)
FNDA:18,(anonymous_5)
FNDA:81,(anonymous_6)
DA:7,242
DA:8,242
DA:10,90
DA:11,90
DA:12,9
DA:48,18
DA:64,90
DA:71,90
DA:73,90
DA:78,242
LF:10
LH:10
BRDA:44,0,0,0
BRDA:44,0,1,9
BRDA:71,1,0,90
BRDA:71,1,1,90
BRF:4
BRH:3
end_of_record
TN:
SF:src\components\CardsEspeciallyForForm\formSlice.tsx
FN:10,(anonymous_0)
FNF:1
FNH:1
FNDA:9,(anonymous_0)
DA:4,242
DA:6,242
DA:11,9
DA:16,242
LF:4
LH:4
BRF:0
BRH:0
end_of_record
TN:
SF:src\components\ErrorMessage\ErrorMessage.tsx
FN:1,(anonymous_0)
FN:7,(anonymous_1)
FNF:2
FNH:2
FNDA:242,(anonymous_0)
FNDA:144,(anonymous_1)
DA:1,1694
DA:7,242
DA:8,144
DA:13,242
LF:4
LH:4
BRDA:1,0,0,242
BRF:1
BRH:1
end_of_record
TN:
SF:src\components\Htag\Htag.tsx
FN:1,(anonymous_0)
FN:5,(anonymous_1)
FNF:2
FNH:2
FNDA:242,(anonymous_0)
FNDA:390,(anonymous_1)
DA:1,1694
DA:5,242
DA:6,390
DA:8,36
DA:10,112
DA:12,242
DA:14,0
DA:16,242
LF:8
LH:7
BRDA:1,0,0,242
BRDA:6,1,0,36
BRDA:6,1,1,112
BRDA:6,1,2,242
BRDA:6,1,3,0
BRF:5
BRH:4
end_of_record
TN:
SF:src\components\Input\Input.tsx
FN:1,(anonymous_0)
FN:9,(anonymous_1)
FNF:2
FNH:2
FNDA:484,(anonymous_0)
FNDA:1794,(anonymous_1)
DA:1,1936
DA:8,484
DA:13,1794
DA:26,242
LF:4
LH:4
BRDA:1,0,0,242
BRF:1
BRH:1
end_of_record
TN:
SF:src\components\Modal\Modal.tsx
FN:1,(anonymous_0)
FN:5,(anonymous_1)
FN:14,(anonymous_2)
FNF:3
FNH:3
FNDA:242,(anonymous_0)
FNDA:387,(anonymous_1)
FNDA:18,(anonymous_2)
DA:1,1694
DA:5,242
DA:6,387
DA:7,351
DA:10,36
DA:15,18
DA:16,18
DA:17,0
DA:25,36
DA:26,242
LF:10
LH:9
BRDA:1,0,0,242
BRDA:6,1,0,351
BRDA:16,2,0,0
BRF:3
BRH:2
end_of_record
TN:
SF:src\components\Search\Search.tsx
FN:12,(anonymous_1)
FN:13,(anonymous_2)
FN:18,(anonymous_3)
FN:24,(anonymous_4)
FN:29,(anonymous_5)
FN:12,(anonymous_6)
FNF:6
FNH:6
FNDA:450,(anonymous_1)
FNDA:657,(anonymous_2)
FNDA:36,(anonymous_3)
FNDA:288,(anonymous_4)
FNDA:36,(anonymous_5)
FNDA:126,(anonymous_6)
DA:12,450
DA:13,657
DA:14,450
DA:15,450
DA:16,450
DA:18,450
DA:19,36
DA:20,36
DA:21,36
DA:24,450
DA:25,288
DA:28,450
DA:29,36
DA:43,242
LF:14
LH:14
BRDA:25,0,0,288
BRDA:25,0,1,288
BRF:2
BRH:2
end_of_record
TN:
SF:src\components\Search\searchSlice.tsx
FN:12,(anonymous_0)
FNF:1
FNH:1
FNDA:36,(anonymous_0)
DA:4,242
DA:8,242
DA:13,36
DA:18,242
LF:4
LH:4
BRF:0
BRH:0
end_of_record
TN:
SF:src\components\Select\Select.tsx
FN:1,(anonymous_0)
FN:7,(anonymous_1)
FN:30,(anonymous_2)
FNF:3
FNH:3
FNDA:242,(anonymous_0)
FNDA:112,(anonymous_1)
FNDA:336,(anonymous_2)
DA:1,1694
DA:7,242
DA:15,112
DA:31,336
DA:39,242
LF:5
LH:5
BRDA:1,0,0,242
BRDA:36,1,0,112
BRDA:36,1,1,18
BRF:3
BRH:3
end_of_record
TN:
SF:src\components\Spinner\Spinner.tsx
FN:1,(anonymous_0)
FNF:1
FNH:1
FNDA:440,(anonymous_0)
DA:1,1694
DA:2,198
DA:199,242
DA:201,242
LF:4
LH:4
BRDA:1,0,0,242
BRF:1
BRH:1
end_of_record
TN:
SF:src\components\SuccessMessage\SuccessMessage.tsx
FN:1,(anonymous_0)
FN:5,(anonymous_1)
FNF:2
FNH:2
FNDA:242,(anonymous_0)
FNDA:112,(anonymous_1)
DA:1,1694
DA:5,242
DA:6,112
DA:13,242
LF:4
LH:4
BRDA:1,0,0,242
BRDA:9,1,0,9
BRDA:9,1,1,103
BRF:3
BRH:3
end_of_record
TN:
SF:src\hooks\dispatch.hook.tsx
FNF:0
FNH:0
DA:4,242
DA:5,242
LF:2
LH:2
BRF:0
BRH:0
end_of_record
TN:
SF:src\hooks\http.hook.tsx
FN:7,(anonymous_0)
FN:8,(anonymous_1)
FNF:2
FNH:2
FNDA:198,(anonymous_0)
FNDA:198,(anonymous_1)
DA:7,242
DA:8,198
DA:16,198
DA:17,198
DA:19,176
DA:20,0
DA:23,176
DA:25,0
DA:29,198
LF:9
LH:7
BRDA:10,0,0,0
BRDA:11,1,0,0
BRDA:12,2,0,0
BRDA:19,3,0,0
BRF:4
BRH:0
end_of_record
TN:
SF:src\hooks\modal.hook.tsx
FN:3,(anonymous_1)
FN:6,toggle
FNF:2
FNH:2
FNDA:387,(anonymous_1)
FNDA:54,toggle
DA:3,387
DA:4,387
DA:7,54
DA:10,387
DA:11,242
LF:5
LH:5
BRF:0
BRH:0
end_of_record
TN:
SF:src\layout\Layout.tsx
FN:1,(anonymous_0)
FN:6,(anonymous_1)
FNF:2
FNH:2
FNDA:242,(anonymous_0)
FNDA:242,(anonymous_1)
DA:1,1694
DA:6,242
DA:7,242
DA:16,242
LF:4
LH:4
BRDA:1,0,0,242
BRF:1
BRH:1
end_of_record
TN:
SF:src\layout\Footer\Footer.tsx
FN:1,(anonymous_0)
FN:10,(anonymous_1)
FNF:2
FNH:2
FNDA:242,(anonymous_0)
FNDA:242,(anonymous_1)
DA:1,1694
DA:10,242
DA:11,242
DA:22,242
LF:4
LH:4
BRDA:1,0,0,242
BRF:1
BRH:1
end_of_record
TN:
SF:src\layout\Header\Header.tsx
FN:9,(anonymous_1)
FN:16,(anonymous_2)
FN:20,(anonymous_3)
FN:34,(anonymous_4)
FN:9,(anonymous_5)
FNF:5
FNH:5
FNDA:575,(anonymous_1)
FNDA:296,(anonymous_2)
FNDA:350,(anonymous_3)
FNDA:54,(anonymous_4)
FNDA:242,(anonymous_5)
DA:9,575
DA:10,575
DA:12,575
DA:14,575
DA:16,575
DA:17,296
DA:20,575
DA:21,350
DA:23,180
DA:25,36
DA:27,117
DA:29,17
DA:33,575
DA:34,54
DA:47,242
LF:15
LH:15
BRDA:21,0,0,180
BRDA:21,0,1,36
BRDA:21,0,2,117
BRDA:21,0,3,17
BRF:4
BRH:4
end_of_record
TN:
SF:src\pages\404\404.tsx
FN:1,(anonymous_0)
FN:3,Error404
FNF:2
FNH:2
FNDA:242,(anonymous_0)
FNDA:17,Error404
DA:1,1694
DA:3,242
DA:4,17
DA:9,242
LF:4
LH:4
BRDA:1,0,0,242
BRF:1
BRH:1
end_of_record
TN:
SF:src\pages\About\About.tsx
FN:1,(anonymous_0)
FN:5,(anonymous_1)
FNF:2
FNH:2
FNDA:242,(anonymous_0)
FNDA:36,(anonymous_1)
DA:1,1694
DA:5,242
DA:6,36
DA:27,242
DA:29,242
LF:5
LH:5
BRDA:1,0,0,242
BRF:1
BRH:1
end_of_record
TN:
SF:src\pages\Form\FormPage.tsx
FN:1,(anonymous_0)
FN:4,(anonymous_1)
FNF:2
FNH:2
FNDA:242,(anonymous_0)
FNDA:81,(anonymous_1)
DA:1,1694
DA:4,242
DA:5,81
DA:11,242
LF:4
LH:4
BRDA:1,0,0,242
BRF:1
BRH:1
end_of_record
TN:
SF:src\pages\Main\MainPage.tsx
FN:1,(anonymous_0)
FN:4,(anonymous_1)
FNF:2
FNH:2
FNDA:242,(anonymous_0)
FNDA:126,(anonymous_1)
DA:1,1694
DA:4,242
DA:5,126
DA:11,242
DA:13,242
LF:5
LH:5
BRDA:1,0,0,242
BRF:1
BRH:1
end_of_record
TN:
SF:src\services\APIService.tsx
FN:5,(anonymous_1)
FN:15,(anonymous_2)
FN:22,(anonymous_3)
FN:34,(anonymous_4)
FN:5,(anonymous_5)
FNF:5
FNH:5
FNDA:198,(anonymous_1)
FNDA:126,(anonymous_2)
FNDA:36,(anonymous_3)
FNDA:36,(anonymous_4)
FNDA:126,(anonymous_5)
DA:5,242
DA:6,242
DA:7,198
DA:13,198
DA:15,198
DA:16,126
DA:17,104
DA:19,104
DA:22,198
DA:23,36
DA:29,36
DA:31,36
DA:34,198
DA:35,36
DA:36,36
DA:38,36
DA:41,198
DA:42,242
DA:44,242
LF:19
LH:19
BRF:0
BRH:0
end_of_record
TN:
SF:src\store\store.tsx
FNF:0
FNH:0
DA:8,242
LF:1
LH:1
BRF:0
BRH:0
end_of_record
